  cfan.cpp
..\..\..\SeetaFaceEngine-master\SeetaFaceEngine-master\FaceAlignment\src\cfan.cpp(166): warning C4305: “初始化”: 从“double”到“float”截断
..\..\..\SeetaFaceEngine-master\SeetaFaceEngine-master\FaceAlignment\src\cfan.cpp(167): warning C4305: “初始化”: 从“double”到“float”截断
..\..\..\SeetaFaceEngine-master\SeetaFaceEngine-master\FaceAlignment\src\cfan.cpp(214): warning C4244: “=”: 从“double”转换到“float”，可能丢失数据
..\..\..\SeetaFaceEngine-master\SeetaFaceEngine-master\FaceAlignment\src\cfan.cpp(247): warning C4244: “=”: 从“double”转换到“float”，可能丢失数据
..\..\..\SeetaFaceEngine-master\SeetaFaceEngine-master\FaceAlignment\src\cfan.cpp(290): warning C4244: “=”: 从“double”转换到“float”，可能丢失数据
..\..\..\SeetaFaceEngine-master\SeetaFaceEngine-master\FaceAlignment\src\cfan.cpp(323): warning C4244: “=”: 从“double”转换到“float”，可能丢失数据
..\..\..\SeetaFaceEngine-master\SeetaFaceEngine-master\FaceAlignment\src\cfan.cpp(394): warning C4244: “初始化”: 从“double”转换到“int”，可能丢失数据
..\..\..\SeetaFaceEngine-master\SeetaFaceEngine-master\FaceAlignment\src\cfan.cpp(395): warning C4244: “初始化”: 从“double”转换到“int”，可能丢失数据
  face_alignment.cpp
..\..\..\SeetaFaceEngine-master\SeetaFaceEngine-master\FaceAlignment\src\face_alignment.cpp(46): warning C4273: “seeta::FaceAlignment::FaceAlignment”: dll 链接不一致
  D:\人脸识别\SeetaFaceEngine-master\SeetaFaceEngine-master\FaceAlignment\include\face_alignment.h(49): note: 参见“{ctor}”的前一个定义
..\..\..\SeetaFaceEngine-master\SeetaFaceEngine-master\FaceAlignment\src\face_alignment.cpp(59): warning C4273: “seeta::FaceAlignment::PointDetectLandmarks”: dll 链接不一致
  D:\人脸识别\SeetaFaceEngine-master\SeetaFaceEngine-master\FaceAlignment\include\face_alignment.h(61): note: 参见“PointDetectLandmarks”的前一个定义
..\..\..\SeetaFaceEngine-master\SeetaFaceEngine-master\FaceAlignment\src\face_alignment.cpp(79): warning C4273: “seeta::FaceAlignment::~FaceAlignment”: dll 链接不一致
  D:\人脸识别\SeetaFaceEngine-master\SeetaFaceEngine-master\FaceAlignment\include\face_alignment.h(54): note: 参见“{dtor}”的前一个定义
  sift.cpp
    正在创建库 D:\人脸识别\SeetaFaceProject\Alignment\x64\Release\FaceAlignment.lib 和对象 D:\人脸识别\SeetaFaceProject\Alignment\x64\Release\FaceAlignment.exp
  正在生成代码
  29 of 29 functions (100.0%) were compiled, the rest were copied from previous compilation.
    0 functions were new in current compilation
    0 functions had inline decision re-evaluated but remain unchanged
  已完成代码的生成
  FaceAlignment.vcxproj -> D:\人脸识别\SeetaFaceProject\Alignment\x64\Release\FaceAlignment.dll
  FaceAlignment.vcxproj -> D:\人脸识别\SeetaFaceProject\Alignment\x64\Release\FaceAlignment.pdb (Full PDB)
